<?xml version="1.0" encoding="UTF-8"?>
<!-- Generated by org.testng.reporters.JUnitXMLReporter -->
<testsuite hostname="LAPTOP-VUGTJ31C" ignored="4" name="Command line test" tests="2" failures="2" timestamp="2022-01-15T17:59:36 IST" time="20.644" errors="0">
  <testcase name="loginTest" time="1.683" classname="org.etsbytes.testcases.HomepageTest">
    <failure type="java.lang.NullPointerException">
      <![CDATA[java.lang.NullPointerException
at org.etsbytes.reports.ExtentLogger.pass(ExtentLogger.java:12)
at org.etsbytes.pages.LoginPage.setUserName(LoginPage.java:18)
at org.etsbytes.pages.LoginPage.loginToApp(LoginPage.java:35)
at org.etsbytes.pages.HomePage.login(HomePage.java:27)
at org.etsbytes.testcases.HomepageTest.loginTest(HomepageTest.java:18)
at java.util.ArrayList.forEach(ArrayList.java:1259)
... Removed 37 stack frames]]>
    </failure>
  </testcase> <!-- loginTest -->
  <testcase name="paymentTest" time="2.032" classname="org.etsbytes.testcases.PaymentTest">
    <failure type="java.lang.NullPointerException">
      <![CDATA[java.lang.NullPointerException
at org.etsbytes.reports.ExtentLogger.pass(ExtentLogger.java:12)
at org.etsbytes.pages.LoginPage.setUserName(LoginPage.java:18)
at org.etsbytes.pages.LoginPage.loginToApp(LoginPage.java:35)
at org.etsbytes.pages.HomePage.login(HomePage.java:27)
at org.etsbytes.testcases.PaymentTest.paymentTest(PaymentTest.java:18)
at java.util.ArrayList.forEach(ArrayList.java:1259)
... Removed 37 stack frames]]>
    </failure>
  </testcase> <!-- paymentTest -->
  <testcase name="@BeforeSuite beforeSuite" time="0.0" classname="org.etsbytes.testcases.BaseTest">
    <ignored/>
  </testcase> <!-- @BeforeSuite beforeSuite -->
  <testcase name="@BeforeSuite beforeSuite" time="0.0" classname="org.etsbytes.testcases.BaseTest">
    <ignored/>
  </testcase> <!-- @BeforeSuite beforeSuite -->
  <testcase name="@AfterSuite afterSuite" time="0.0" classname="org.etsbytes.testcases.BaseTest">
    <ignored/>
  </testcase> <!-- @AfterSuite afterSuite -->
  <testcase name="@AfterSuite afterSuite" time="0.0" classname="org.etsbytes.testcases.BaseTest">
    <ignored/>
  </testcase> <!-- @AfterSuite afterSuite -->
</testsuite> <!-- Command line test -->
